Thu Mar  2 11:23:10 AM EST 2023
Updating IP
Hostname= mbot-master
IP= 192.168.68.110
From https://gitlab.eecs.umich.edu/rob550-w23/mbot-ip
 * branch            HEAD       -> FETCH_HEAD
Already up to date.
Calling python script
RUNNING...
mbot-master
192.168.68.110
02_Mar_2023_11:23:10 AM
Adding...
Committing...
[master e5f3ec4] Auto update mbot-master IP
 1 file changed, 1 insertion(+), 1 deletion(-)
Pushing...
To https://gitlab.eecs.umich.edu/rob550-w23/mbot-ip.git
   79cb973..e5f3ec4  master -> master
Done!
